c:\users\asus\desktop\project\al_aqsa_project\x64\debug\vc143.pdb
c:\users\asus\desktop\project\al_aqsa_project\x64\debug\vc143.idb
c:\users\asus\desktop\project\al_aqsa_project\x64\debug\wall.obj
c:\users\asus\desktop\project\al_aqsa_project\x64\debug\texture.obj
c:\users\asus\desktop\project\al_aqsa_project\x64\debug\stb.obj
c:\users\asus\desktop\project\al_aqsa_project\x64\debug\skybox.obj
c:\users\asus\desktop\project\al_aqsa_project\x64\debug\model.obj
c:\users\asus\desktop\project\al_aqsa_project\x64\debug\manager.obj
c:\users\asus\desktop\project\al_aqsa_project\x64\debug\main.obj
c:\users\asus\desktop\project\al_aqsa_project\x64\debug\ground.obj
c:\users\asus\desktop\project\al_aqsa_project\x64\debug\environment.obj
c:\users\asus\desktop\project\al_aqsa_project\x64\debug\domeoftherock.obj
c:\users\asus\desktop\project\al_aqsa_project\x64\debug\dome.obj
c:\users\asus\desktop\project\al_aqsa_project\x64\debug\cylinders.obj
c:\users\asus\desktop\project\al_aqsa_project\x64\debug\cube.obj
c:\users\asus\desktop\project\al_aqsa_project\x64\debug\circle.obj
c:\users\asus\desktop\project\al_aqsa_project\x64\debug\al_qibli_mosque.obj
c:\users\asus\desktop\project\al_aqsa_project\x64\debug\glad.obj
c:\users\asus\desktop\project\al_aqsa_project\x64\debug\al_aqsa_project.ilk
c:\users\asus\desktop\project\al_aqsa_project\x64\debug\al_aqsa_project.exe
c:\users\asus\desktop\project\al_aqsa_project\x64\debug\al_aqsa_project.pdb
c:\users\asus\desktop\project\al_aqsa_project\x64\debug\al_aqsa_project.tlog\cl.command.1.tlog
c:\users\asus\desktop\project\al_aqsa_project\x64\debug\al_aqsa_project.tlog\cl.items.tlog
c:\users\asus\desktop\project\al_aqsa_project\x64\debug\al_aqsa_project.tlog\cl.read.1.tlog
c:\users\asus\desktop\project\al_aqsa_project\x64\debug\al_aqsa_project.tlog\cl.write.1.tlog
c:\users\asus\desktop\project\al_aqsa_project\x64\debug\al_aqsa_project.tlog\link.command.1.tlog
c:\users\asus\desktop\project\al_aqsa_project\x64\debug\al_aqsa_project.tlog\link.read.1.tlog
c:\users\asus\desktop\project\al_aqsa_project\x64\debug\al_aqsa_project.tlog\link.write.1.tlog
